<?xml version="1.0" encoding="UTF-8"?>
<testsuite xmlns:xsi="http://www.w3.org/2001/XMLSchema-instance" xsi:noNamespaceSchemaLocation="https://maven.apache.org/surefire/maven-surefire-plugin/xsd/surefire-test-report.xsd" name="UserServiceTest" time="16.102" tests="9" errors="0" skipped="0" failures="0">
  <properties>
[...]
</properties>
  <testcase name="updateLastNameOfUserShouldSucceed" classname="UserServiceTest" time="4.546"/>
  <testcase name="insertUserShouldInsertRowInDatabase" classname="UserServiceTest" time="1.34"/>
  <testcase name="deleteUserShouldDeleteUserFromDatabase" classname="UserServiceTest" time="1.267"/>
  <testcase name="insertOfExistingUserShouldBePrevented" classname="UserServiceTest" time="0.784"/>
  <testcase name="getAllUsersShouldReturnListOfThreeInsertedUsers" classname="UserServiceTest" time="2.587"/>
  <testcase name="updatePasswordOfUserShouldSucceed" classname="UserServiceTest" time="1.534"/>
  <testcase name="getExistingUserShouldReturnUser" classname="UserServiceTest" time="0.796"/>
  <testcase name="updateFirstNameOfUserShouldSucceed" classname="UserServiceTest" time="1.35"/>
  <testcase name="getUserWhoDoesNotExistShouldReturnEmptyRow" classname="UserServiceTest" time="1.844"/>
</testsuite>