<?xml version="1.0" encoding="UTF-8"?>
<testsuite xmlns:xsi="http://www.w3.org/2001/XMLSchema-instance" xsi:noNamespaceSchemaLocation="https://maven.apache.org/surefire/maven-surefire-plugin/xsd/surefire-test-report.xsd" name="UserServiceTest" time="41.013" tests="9" errors="0" skipped="0" failures="0">
  <properties>
[...]
</properties>
  <testcase name="updateLastNameOfUserShouldSucceed" classname="UserServiceTest" time="8.316"/>
  <testcase name="insertUserShouldInsertRowInDatabase" classname="UserServiceTest" time="4.382"/>
  <testcase name="deleteUserShouldDeleteUserFromDatabase" classname="UserServiceTest" time="5.31"/>
  <testcase name="insertOfExistingUserShouldBePrevented" classname="UserServiceTest" time="2.978"/>
  <testcase name="getAllUsersShouldReturnListOfThreeInsertedUsers" classname="UserServiceTest" time="4.934"/>
  <testcase name="updatePasswordOfUserShouldSucceed" classname="UserServiceTest" time="4.396"/>
  <testcase name="getExistingUserShouldReturnUser" classname="UserServiceTest" time="2.844"/>
  <testcase name="updateFirstNameOfUserShouldSucceed" classname="UserServiceTest" time="5.291"/>
  <testcase name="getUserWhoDoesNotExistShouldReturnEmptyRow" classname="UserServiceTest" time="2.496"/>
</testsuite>